<?xml version="1.0" encoding="UTF-8"?>
<!-- Generated by org.testng.reporters.JUnitXMLReporter -->
<testsuite ignored="1" hostname="MS-7B48" failures="1" tests="3" name="RegressionGroupTest" time="0.48" errors="0" timestamp="2022-08-20T15:19:55 CST">
  <testcase classname="ui.GroupTestExample" name="groupTestExample" time="0.006"/>
  <testcase classname="ui.GroupTestExample" name="groupTestRegressionSmoke" time="0.001"/>
  <testcase classname="ui.GroupTestExample" name="titleTest" time="0.448">
    <failure type="java.lang.AssertionError" message="Swag Labs expected:&amp;lt;Swag Labs&amp;gt; but was:&amp;lt;Title Verification&amp;gt;">
      <![CDATA[java.lang.AssertionError: Swag Labs expected:<Swag Labs> but was:<Title Verification>
at ui.GroupTestExample.titleTest(GroupTestExample.java:45)
at java.base/java.util.ArrayList.forEach(ArrayList.java:1511)
... Removed 28 stack frames]]>
    </failure>
  </testcase> <!-- titleTest -->
  <testcase classname="ui.GroupTestExample" name="textTest" time="0.0">
    <ignored/>
  </testcase> <!-- textTest -->
</testsuite> <!-- RegressionGroupTest -->
