<?xml version="1.0" encoding="UTF-8"?>
<!-- Generated by org.testng.reporters.JUnitXMLReporter -->
<testsuite ignored="0" hostname="MS-7B48" failures="1" tests="4" name="ListenerTest" time="5.058" errors="0" timestamp="2022-08-23T15:31:35 CST">
  <testcase classname="ui.ListenerDemoTest" name="launchApp" time="1.971">
    <skipped/>
  </testcase> <!-- launchApp -->
  <testcase classname="ui.ListenerDemoTest" name="launchApp" time="1.059">
    <skipped/>
  </testcase> <!-- launchApp -->
  <testcase classname="ui.ListenerDemoTest" name="launchApp" time="1.011">
    <skipped/>
  </testcase> <!-- launchApp -->
  <testcase classname="ui.ListenerDemoTest" name="launchApp" time="0.995">
    <failure type="java.lang.AssertionError" message="expected [true] but found [false]">
      <![CDATA[java.lang.AssertionError: expected [true] but found [false]
at ui.ListenerDemoTest.launchApp(ListenerDemoTest.java:14)
at java.base/java.util.ArrayList.forEach(ArrayList.java:1511)
... Removed 31 stack frames]]>
    </failure>
  </testcase> <!-- launchApp -->
</testsuite> <!-- ListenerTest -->
