<?xml version="1.0" encoding="UTF-8"?>
<!-- Generated by org.testng.reporters.JUnitXMLReporter -->
<testsuite ignored="0" hostname="MS-7B48" failures="1" tests="4" name="Reports Testing" time="0.069" errors="0" timestamp="2022-08-24T07:58:54 CST">
  <testcase classname="ui.DependencyTest" name="reporterTest4" time="0.004"/>
  <testcase classname="ui.DependencyTest" name="userRegistration" time="0.001"/>
  <testcase classname="ui.DependencyTest" name="reporterTest3" time="0.001"/>
  <testcase classname="ui.DependencyTest" name="searchUser" time="0.005">
    <failure type="java.lang.AssertionError" message="expected [true] but found [false]">
      <![CDATA[java.lang.AssertionError: expected [true] but found [false]
at ui.DependencyTest.searchUser(DependencyTest.java:19)
at java.base/java.util.ArrayList.forEach(ArrayList.java:1511)
... Removed 31 stack frames]]>
    </failure>
  </testcase> <!-- searchUser -->
</testsuite> <!-- Reports Testing -->
