<?xml version="1.0" encoding="UTF-8"?>
<!-- Generated by org.testng.reporters.JUnitXMLReporter -->
<testsuite ignored="0" hostname="MS-7B48" failures="0" tests="4" name="Reports Testing" time="0.033" errors="0" timestamp="2022-08-23T21:20:44 CST">
  <testcase classname="ui.ReportsTest" name="reporterTest1" time="0.005"/>
  <testcase classname="ui.ReportsTest" name="reporterTest2" time="0.001"/>
  <testcase classname="ui.ReportsTest" name="reporterTest3" time="0.001"/>
  <testcase classname="ui.ReportsTest" name="reporterTest4" time="0.001"/>
</testsuite> <!-- Reports Testing -->
