<?xml version="1.0" encoding="UTF-8"?>
<!-- Generated by org.testng.reporters.JUnitXMLReporter -->
<testsuite ignored="0" hostname="MS-7B48" failures="0" tests="4" name="Default test" time="10.176" errors="0" timestamp="2022-08-21T10:57:14 CST">
  <testcase classname="ui.DataProviderSauceDemo" name="test2" time="1.717"/>
  <testcase classname="ui.DataProviderSauceDemo" name="test2" time="1.138"/>
  <testcase classname="ui.DataProviderSauceDemo" name="test2" time="1.201"/>
  <testcase classname="ui.DataProviderSauceDemo" name="test2" time="6.092"/>
</testsuite> <!-- Default test -->
