<?xml version="1.0" encoding="UTF-8"?>
<!-- Generated by org.testng.reporters.JUnitXMLReporter -->
<testsuite ignored="0" hostname="MS-7B48" failures="0" tests="4" name="Default test" time="0.853" errors="0" timestamp="2022-08-20T15:33:12 CST">
  <testcase classname="ui.GroupTestExample" name="groupTestExample" time="0.007"/>
  <testcase classname="ui.GroupTestExample" name="groupTestRegressionSmoke" time="0.001"/>
  <testcase classname="ui.GroupTestExample" name="titleTest" time="0.007"/>
  <testcase classname="ui.GroupTestExample" name="textTest" time="0.114"/>
</testsuite> <!-- Default test -->
