<?xml version="1.0" encoding="UTF-8"?>
<!-- Generated by org.testng.reporters.JUnitXMLReporter -->
<testsuite ignored="0" hostname="MS-7B48" failures="0" tests="4" name="BeforeAndAfterSuiteTest" time="0.031" errors="0" timestamp="2022-08-20T20:18:28 CST">
  <testcase classname="ui.BeforeSuiteExampleTest" name="groupTestExample" time="0.004"/>
  <testcase classname="ui.BeforeSuiteExampleTest" name="groupTestRegressionSmoke" time="0.0"/>
  <testcase classname="ui.BeforeSuiteExampleTest" name="titleTest" time="0.0"/>
  <testcase classname="ui.BeforeSuiteExampleTest" name="textTest" time="0.001"/>
</testsuite> <!-- BeforeAndAfterSuiteTest -->
