<?xml version="1.0" encoding="UTF-8"?>
<testng-results ignored="0" total="4" passed="3" failed="1" skipped="0">
  <reporter-output>
    <line>
      <![CDATA[Method name is - reporterTest1]]>
    </line>
    <line>
      <![CDATA[Status of execution is - 1]]>
    </line>
    <line>
      <![CDATA[Method name is - reporterTest2]]>
    </line>
    <line>
      <![CDATA[Status of exectution is - 2]]>
    </line>
    <line>
      <![CDATA[<a href=/home/kay/Desktop/projects/selenium_testng/screenshots/Mon-Aug-22-22-18-37-CST-2022.png/>Test Results</>]]>
    </line>
    <line>
      <![CDATA[Method name is - reporterTest3]]>
    </line>
    <line>
      <![CDATA[Status of execution is - 1]]>
    </line>
    <line>
      <![CDATA[Method name is - reporterTest4]]>
    </line>
    <line>
      <![CDATA[Status of execution is - 1]]>
    </line>
  </reporter-output>
  <suite started-at="2022-08-23T22:01:19 CST" name="ListenerTestSuite" finished-at="2022-08-23T22:01:34 CST" duration-ms="14356">
    <groups>
    </groups>
    <test started-at="2022-08-23T22:01:19 CST" name="Reports Testing" finished-at="2022-08-23T22:01:34 CST" duration-ms="14356">
      <class name="ui.ReportsTest">
        <test-method is-config="true" signature="launchBrowser()[pri:0, instance:ui.ReportsTest@7ac296f6]" started-at="2022-08-23T22:01:16 CST" name="launchBrowser" finished-at="2022-08-23T22:01:19 CST" duration-ms="2740" status="PASS">
          <reporter-output>
          </reporter-output>
        </test-method> <!-- launchBrowser -->
        <test-method signature="reporterTest1()[pri:0, instance:ui.ReportsTest@7ac296f6]" started-at="2022-08-23T22:01:19 CST" name="reporterTest1" finished-at="2022-08-23T22:01:19 CST" duration-ms="3" status="PASS">
          <reporter-output>
            <line>
              <![CDATA[Method name is - reporterTest1]]>
            </line>
            <line>
              <![CDATA[Status of execution is - 1]]>
            </line>
          </reporter-output>
        </test-method> <!-- reporterTest1 -->
        <test-method signature="reporterTest2()[pri:0, instance:ui.ReportsTest@7ac296f6]" started-at="2022-08-23T22:01:19 CST" name="reporterTest2" finished-at="2022-08-23T22:01:33 CST" duration-ms="14123" status="FAIL">
          <exception class="java.lang.AssertionError">
            <message>
              <![CDATA[expected [true] but found [false]]]>
            </message>
            <full-stacktrace>
              <![CDATA[java.lang.AssertionError: expected [true] but found [false]
at org.testng.Assert.fail(Assert.java:110)
at org.testng.Assert.failNotEquals(Assert.java:1413)
at org.testng.Assert.assertTrue(Assert.java:56)
at org.testng.Assert.assertTrue(Assert.java:66)
at ui.ReportsTest.reporterTest2(ReportsTest.java:18)
at java.base/jdk.internal.reflect.NativeMethodAccessorImpl.invoke0(Native Method)
at java.base/jdk.internal.reflect.NativeMethodAccessorImpl.invoke(NativeMethodAccessorImpl.java:77)
at java.base/jdk.internal.reflect.DelegatingMethodAccessorImpl.invoke(DelegatingMethodAccessorImpl.java:43)
at java.base/java.lang.reflect.Method.invoke(Method.java:568)
at org.testng.internal.invokers.MethodInvocationHelper.invokeMethod(MethodInvocationHelper.java:139)
at org.testng.internal.invokers.TestInvoker.invokeMethod(TestInvoker.java:677)
at org.testng.internal.invokers.TestInvoker.invokeTestMethod(TestInvoker.java:221)
at org.testng.internal.invokers.MethodRunner.runInSequence(MethodRunner.java:50)
at org.testng.internal.invokers.TestInvoker$MethodInvocationAgent.invoke(TestInvoker.java:962)
at org.testng.internal.invokers.TestInvoker.invokeTestMethods(TestInvoker.java:194)
at org.testng.internal.invokers.TestMethodWorker.invokeTestMethods(TestMethodWorker.java:148)
at org.testng.internal.invokers.TestMethodWorker.run(TestMethodWorker.java:128)
at java.base/java.util.ArrayList.forEach(ArrayList.java:1511)
at org.testng.TestRunner.privateRun(TestRunner.java:806)
at org.testng.TestRunner.run(TestRunner.java:601)
at org.testng.SuiteRunner.runTest(SuiteRunner.java:433)
at org.testng.SuiteRunner.runSequentially(SuiteRunner.java:427)
at org.testng.SuiteRunner.privateRun(SuiteRunner.java:387)
at org.testng.SuiteRunner.run(SuiteRunner.java:330)
at org.testng.SuiteRunnerWorker.runSuite(SuiteRunnerWorker.java:52)
at org.testng.SuiteRunnerWorker.run(SuiteRunnerWorker.java:95)
at org.testng.TestNG.runSuitesSequentially(TestNG.java:1256)
at org.testng.TestNG.runSuitesLocally(TestNG.java:1176)
at org.testng.TestNG.runSuites(TestNG.java:1099)
at org.testng.TestNG.run(TestNG.java:1067)
at org.testng.remote.AbstractRemoteTestNG.run(AbstractRemoteTestNG.java:115)
at org.testng.remote.RemoteTestNG.initAndRun(RemoteTestNG.java:251)
at org.testng.remote.RemoteTestNG.main(RemoteTestNG.java:77)
]]>
            </full-stacktrace>
          </exception> <!-- java.lang.AssertionError -->
          <reporter-output>
            <line>
              <![CDATA[Method name is - reporterTest2]]>
            </line>
            <line>
              <![CDATA[Status of exectution is - 2]]>
            </line>
            <line>
              <![CDATA[<a href=/home/kay/Desktop/projects/selenium_testng/screenshots/Mon-Aug-22-22-18-37-CST-2022.png/>Test Results</>]]>
            </line>
          </reporter-output>
        </test-method> <!-- reporterTest2 -->
        <test-method signature="reporterTest3()[pri:0, instance:ui.ReportsTest@7ac296f6]" started-at="2022-08-23T22:01:34 CST" name="reporterTest3" finished-at="2022-08-23T22:01:34 CST" duration-ms="1" status="PASS">
          <reporter-output>
            <line>
              <![CDATA[Method name is - reporterTest3]]>
            </line>
            <line>
              <![CDATA[Status of execution is - 1]]>
            </line>
          </reporter-output>
        </test-method> <!-- reporterTest3 -->
        <test-method signature="reporterTest4()[pri:0, instance:ui.ReportsTest@7ac296f6]" started-at="2022-08-23T22:01:34 CST" name="reporterTest4" finished-at="2022-08-23T22:01:34 CST" duration-ms="0" status="PASS">
          <reporter-output>
            <line>
              <![CDATA[Method name is - reporterTest4]]>
            </line>
            <line>
              <![CDATA[Status of execution is - 1]]>
            </line>
          </reporter-output>
        </test-method> <!-- reporterTest4 -->
        <test-method is-config="true" signature="closerBrowser()[pri:0, instance:ui.ReportsTest@7ac296f6]" started-at="2022-08-23T22:01:34 CST" name="closerBrowser" finished-at="2022-08-23T22:01:34 CST" duration-ms="668" status="PASS">
          <reporter-output>
          </reporter-output>
        </test-method> <!-- closerBrowser -->
      </class> <!-- ui.ReportsTest -->
    </test> <!-- Reports Testing -->
  </suite> <!-- ListenerTestSuite -->
</testng-results>
